<?xml version="1.0" encoding="UTF-8"?>
<testsuite xmlns:xsi="http://www.w3.org/2001/XMLSchema-instance" xsi:noNamespaceSchemaLocation="https://maven.apache.org/surefire/maven-surefire-plugin/xsd/surefire-test-report.xsd" name="com.claitonmarcilio.algorithms.counters.MissingIntegerTest" time="0.046" tests="3" errors="0" skipped="0" failures="0">
  <properties>
[...]
</properties>
  <testcase name="testAll{int[], int}[1]" classname="com.claitonmarcilio.algorithms.counters.MissingIntegerTest" time="0.022"/>
  <testcase name="testAll{int[], int}[2]" classname="com.claitonmarcilio.algorithms.counters.MissingIntegerTest" time="0.001"/>
  <testcase name="testAll{int[], int}[3]" classname="com.claitonmarcilio.algorithms.counters.MissingIntegerTest" time="0.001"/>
</testsuite>